<?xml version='1.0' encoding='UTF-8'?>
<Model>
  <Analysis name="test-fields">
    <Field name="Field 1" modifies="template">
      <A name="downhole_pump">1</A>
      <A name="water_reinjection">0</A>
      <A name="natural_gas_reinjection">0</A>
      <A name="water_flooding">0</A>
      <A name="gas_lifting">0</A>
      <A name="gas_flooding">1</A>
      <A name="steam_flooding">0</A>
      <A name="country">Canada</A>
      <A name="name">CO2-EOR</A>
      <A name="age">12.5</A>
      <A name="depth">1476.0</A>
      <A name="oil_prod">538.1230958904127</A>
      <A name="num_prod_wells">26</A>
      <A name="num_water_inj_wells">26</A>
      <A name="well_diam">3.5</A>
      <A name="prod_index">6.8</A>
      <A name="res_press">230.0</A>
      <A name="res_temp">70.0</A>
      <A name="offshore">0.0</A>
      <A name="API">12.3</A>
      <A name="gas_comp_N2">2.86</A>
      <A name="gas_comp_CO2">0.33</A>
      <A name="gas_comp_C1">89.18</A>
      <A name="gas_comp_C2">5.3</A>
      <A name="gas_comp_C3">1.62</A>
      <A name="gas_comp_C4">0.71</A>
      <A name="gas_comp_H2S">0.0</A>
      <A name="GOR">86.0</A>
      <A name="WOR">1.4392146768068959</A>
      <A name="WIR">0.0</A>
      <A name="GLIR">0.0</A>
      <A name="GFIR">14726.75442747653</A>
      <A name="flood_gas_type">CO2</A>
      <A name="SOR">0.0</A>
      <A name="fraction_elec_onsite">0.0</A>
      <A name="fraction_remaining_gas_inj">1.0</A>
      <A name="fraction_water_reinjected">0.0</A>
      <A name="fraction_steam_cogen">0.0</A>
      <A name="fraction_steam_solar">0.0</A>
      <Process class="CrudeOilDewatering">
        <A name="heater_treater">1</A>
      </Process>
      <A name="stabilizer_column">0</A>
      <A name="upgrader_type">None</A>
      <A name="gas_processing_path">Sour Gas Reinjection</A>
      <A name="FOR">0.0</A>
      <A name="frac_venting">0.0491140837536501</A>
      <Process class="HeavyOilDilution">
        <A name="fraction_diluent">0.0</A>
      </Process>
      <A name="frac_transport_tanker">0.0</A>
      <A name="frac_transport_barge">0.0</A>
      <A name="frac_transport_pipeline">1.0</A>
      <A name="frac_transport_rail">0.0</A>
      <A name="frac_transport_truck">1.0</A>
      <A name="transport_dist_tanker">0.0</A>
      <A name="transport_dist_barge">0.0</A>
      <A name="transport_dist_pipeline">2500.0</A>
      <A name="transport_dist_rail">0.0</A>
      <A name="transport_dist_truck">200.0</A>
      <A name="oil_sands_mine">None</A>
      <A name="oil_processing_path">Storage</A>
      <A name="frac_CO2_breakthrough">23.3041522749263</A>
      <A name="ecosystem_richness">Low carbon</A>
      <A name="field_development_intensity">Low</A>
    </Field>
    <Field name="Field 2" modifies="template">
      <A name="downhole_pump">1</A>
      <A name="water_reinjection">1</A>
      <A name="natural_gas_reinjection">1</A>
      <A name="water_flooding">0</A>
      <A name="gas_lifting">0</A>
      <A name="gas_flooding">1</A>
      <A name="steam_flooding">0</A>
      <A name="country">Vietnam</A>
      <A name="name">Rang Dong</A>
      <A name="age">18.0</A>
      <A name="depth">10039.37</A>
      <A name="oil_prod">14500.0</A>
      <A name="num_prod_wells">166</A>
      <A name="num_water_inj_wells">138</A>
      <A name="well_diam">2.775</A>
      <A name="prod_index">6.8</A>
      <A name="res_press">4128.745</A>
      <A name="res_temp">250.7087</A>
      <A name="offshore">1.0</A>
      <A name="API">39.6</A>
      <A name="gas_comp_N2">2.86</A>
      <A name="gas_comp_CO2">0.33</A>
      <A name="gas_comp_C1">89.18</A>
      <A name="gas_comp_C2">5.3</A>
      <A name="gas_comp_C3">1.62</A>
      <A name="gas_comp_C4">0.71</A>
      <A name="gas_comp_H2S">0.0</A>
      <A name="GOR">569.91</A>
      <A name="WOR">2.172687498062892</A>
      <A name="WIR">0.0</A>
      <A name="GLIR">363.8</A>
      <A name="GFIR">10000.0</A>
      <A name="flood_gas_type">CO2</A>
      <A name="SOR">0.0</A>
      <A name="fraction_elec_onsite">1.0</A>
      <A name="fraction_remaining_gas_inj">1.0</A>
      <A name="fraction_water_reinjected">1.0</A>
      <A name="fraction_steam_cogen">0.0</A>
      <A name="fraction_steam_solar">0.0</A>
      <Process class="CrudeOilDewatering">
        <A name="heater_treater">0</A>
      </Process>
      <A name="stabilizer_column">1</A>
      <A name="upgrader_type">None</A>
      <A name="gas_processing_path">CO2-EOR Membrane</A>
      <A name="FOR">327.6433151780032</A>
      <A name="frac_venting">0.002</A>
      <Process class="HeavyOilDilution">
        <A name="fraction_diluent">0.0</A>
      </Process>
      <A name="frac_transport_tanker">1.0</A>
      <A name="frac_transport_barge">0.0</A>
      <A name="frac_transport_pipeline">1.0</A>
      <A name="frac_transport_rail">0.0</A>
      <A name="frac_transport_truck">0.0</A>
      <A name="transport_dist_tanker">8000.0</A>
      <A name="transport_dist_barge">500.0</A>
      <A name="transport_dist_pipeline">1000.0</A>
      <A name="transport_dist_rail">800.0</A>
      <A name="transport_dist_truck">100.0</A>
      <A name="oil_sands_mine">None</A>
      <A name="oil_processing_path">Stabilization</A>
      <A name="frac_CO2_breakthrough">59</A>
      <A name="ecosystem_richness">Low carbon</A>
      <A name="field_development_intensity">Low</A>
    </Field>
    <Field name="Field 3" modifies="template">
      <A name="downhole_pump">1</A>
      <A name="water_reinjection">0</A>
      <A name="natural_gas_reinjection">1</A>
      <A name="water_flooding">0</A>
      <A name="gas_lifting">0</A>
      <A name="gas_flooding">1</A>
      <A name="steam_flooding">0</A>
      <A name="country">Turkey</A>
      <A name="name">Bati Kozluca</A>
      <A name="age">31.0</A>
      <A name="depth">4970.473</A>
      <A name="oil_prod">2098.0</A>
      <A name="num_prod_wells">24</A>
      <A name="num_water_inj_wells">20</A>
      <A name="well_diam">2.775</A>
      <A name="prod_index">6.8</A>
      <A name="res_press">2044.134</A>
      <A name="res_temp">159.4685</A>
      <A name="offshore">0.0</A>
      <A name="API">12.4</A>
      <A name="gas_comp_N2">2.86</A>
      <A name="gas_comp_CO2">0.33</A>
      <A name="gas_comp_C1">89.18</A>
      <A name="gas_comp_C2">5.3</A>
      <A name="gas_comp_C3">1.62</A>
      <A name="gas_comp_C4">0.71</A>
      <A name="gas_comp_H2S">0.0</A>
      <A name="GOR">444.44</A>
      <A name="WOR">4.440535242636638</A>
      <A name="WIR">5.440535242636638</A>
      <A name="GLIR">363.8</A>
      <A name="GFIR">10000.0</A>
      <A name="flood_gas_type">CO2</A>
      <A name="SOR">0.0</A>
      <A name="fraction_elec_onsite">0.0</A>
      <A name="fraction_remaining_gas_inj">1.0</A>
      <A name="fraction_water_reinjected">1.0</A>
      <A name="fraction_steam_cogen">0.0</A>
      <A name="fraction_steam_solar">0.0</A>
      <Process class="CrudeOilDewatering">
        <A name="heater_treater">1</A>
      </Process>
      <A name="stabilizer_column">0</A>
      <A name="upgrader_type">None</A>
      <A name="gas_processing_path">CO2-EOR Membrane</A>
      <A name="FOR">0.0</A>
      <A name="frac_venting">0.002</A>
      <Process class="HeavyOilDilution">
        <A name="fraction_diluent">0.0</A>
      </Process>
      <A name="frac_transport_tanker">1.0</A>
      <A name="frac_transport_barge">0.0</A>
      <A name="frac_transport_pipeline">1.0</A>
      <A name="frac_transport_rail">0.0</A>
      <A name="frac_transport_truck">0.0</A>
      <A name="transport_dist_tanker">8000.0</A>
      <A name="transport_dist_barge">500.0</A>
      <A name="transport_dist_pipeline">1000.0</A>
      <A name="transport_dist_rail">800.0</A>
      <A name="transport_dist_truck">100.0</A>
      <A name="oil_sands_mine">None</A>
      <A name="oil_processing_path">Storage</A>
      <A name="frac_CO2_breakthrough">59</A>
      <A name="ecosystem_richness">Med carbon</A>
      <A name="field_development_intensity">Med</A>
    </Field>
    <Field name="Field 4" modifies="template">
      <A name="downhole_pump">1</A>
      <A name="water_reinjection">0</A>
      <A name="natural_gas_reinjection">1</A>
      <A name="water_flooding">0</A>
      <A name="gas_lifting">0</A>
      <A name="gas_flooding">1</A>
      <A name="steam_flooding">0</A>
      <A name="country">Turkey</A>
      <A name="name">Bati Raman</A>
      <A name="age">54.0</A>
      <A name="depth">4265.092</A>
      <A name="oil_prod">6430.0</A>
      <A name="num_prod_wells">74</A>
      <A name="num_water_inj_wells">62</A>
      <A name="well_diam">2.775</A>
      <A name="prod_index">6.8</A>
      <A name="res_press">1754.042</A>
      <A name="res_temp">146.7717</A>
      <A name="offshore">0.0</A>
      <A name="API">13.0</A>
      <A name="gas_comp_N2">2.86</A>
      <A name="gas_comp_CO2">0.33</A>
      <A name="gas_comp_C1">89.18</A>
      <A name="gas_comp_C2">5.3</A>
      <A name="gas_comp_C3">1.62</A>
      <A name="gas_comp_C4">0.71</A>
      <A name="gas_comp_H2S">0.0</A>
      <A name="GOR">1122.4</A>
      <A name="WOR">10.67434280960887</A>
      <A name="WIR">11.67434280960887</A>
      <A name="GLIR">363.8</A>
      <A name="GFIR">10000.0</A>
      <A name="flood_gas_type">CO2</A>
      <A name="SOR">0.0</A>
      <A name="fraction_elec_onsite">0.0</A>
      <A name="fraction_remaining_gas_inj">1.0</A>
      <A name="fraction_water_reinjected">1.0</A>
      <A name="fraction_steam_cogen">0.0</A>
      <A name="fraction_steam_solar">0.0</A>
      <Process class="CrudeOilDewatering">
        <A name="heater_treater">1</A>
      </Process>
      <A name="stabilizer_column">1</A>
      <A name="upgrader_type">None</A>
      <A name="gas_processing_path">CO2-EOR Membrane</A>
      <A name="FOR">0.0</A>
      <A name="frac_venting">0.002</A>
      <Process class="HeavyOilDilution">
        <A name="fraction_diluent">0.0</A>
      </Process>
      <A name="frac_transport_tanker">1.0</A>
      <A name="frac_transport_barge">0.0</A>
      <A name="frac_transport_pipeline">1.0</A>
      <A name="frac_transport_rail">0.0</A>
      <A name="frac_transport_truck">0.0</A>
      <A name="transport_dist_tanker">8000.0</A>
      <A name="transport_dist_barge">500.0</A>
      <A name="transport_dist_pipeline">1000.0</A>
      <A name="transport_dist_rail">800.0</A>
      <A name="transport_dist_truck">100.0</A>
      <A name="oil_sands_mine">None</A>
      <A name="oil_processing_path">Stabilization</A>
      <A name="frac_CO2_breakthrough">59</A>
      <A name="ecosystem_richness">Med carbon</A>
      <A name="field_development_intensity">Med</A>
    </Field>
    <Field name="Field 5" modifies="template">
      <A name="downhole_pump">1</A>
      <A name="water_reinjection">0</A>
      <A name="natural_gas_reinjection">1</A>
      <A name="water_flooding">0</A>
      <A name="gas_lifting">0</A>
      <A name="gas_flooding">1</A>
      <A name="steam_flooding">0</A>
      <A name="country">Hungary</A>
      <A name="name">Budafa</A>
      <A name="age">78.0</A>
      <A name="depth">4150.263</A>
      <A name="oil_prod">50.0</A>
      <A name="num_prod_wells">1</A>
      <A name="num_water_inj_wells">1</A>
      <A name="well_diam">2.775</A>
      <A name="prod_index">6.8</A>
      <A name="res_press">1706.818</A>
      <A name="res_temp">144.7047</A>
      <A name="offshore">0.0</A>
      <A name="API">32.8</A>
      <A name="gas_comp_N2">2.86</A>
      <A name="gas_comp_CO2">0.33</A>
      <A name="gas_comp_C1">89.18</A>
      <A name="gas_comp_C2">5.3</A>
      <A name="gas_comp_C3">1.62</A>
      <A name="gas_comp_C4">0.71</A>
      <A name="gas_comp_H2S">0.0</A>
      <A name="GOR">7892.86</A>
      <A name="WOR">22.120670914857893</A>
      <A name="WIR">23.120670914857893</A>
      <A name="GLIR">363.8</A>
      <A name="GFIR">10000.0</A>
      <A name="flood_gas_type">CO2</A>
      <A name="SOR">0.0</A>
      <A name="fraction_elec_onsite">0.0</A>
      <A name="fraction_remaining_gas_inj">1.0</A>
      <A name="fraction_water_reinjected">1.0</A>
      <A name="fraction_steam_cogen">0.0</A>
      <A name="fraction_steam_solar">0.0</A>
      <Process class="CrudeOilDewatering">
        <A name="heater_treater">0</A>
      </Process>
      <A name="stabilizer_column">1</A>
      <A name="upgrader_type">None</A>
      <A name="gas_processing_path">CO2-EOR Membrane</A>
      <A name="FOR">0.0</A>
      <A name="frac_venting">0.002</A>
      <Process class="HeavyOilDilution">
        <A name="fraction_diluent">0.0</A>
      </Process>
      <A name="frac_transport_tanker">1.0</A>
      <A name="frac_transport_barge">0.0</A>
      <A name="frac_transport_pipeline">1.0</A>
      <A name="frac_transport_rail">0.0</A>
      <A name="frac_transport_truck">0.0</A>
      <A name="transport_dist_tanker">8000.0</A>
      <A name="transport_dist_barge">500.0</A>
      <A name="transport_dist_pipeline">1000.0</A>
      <A name="transport_dist_rail">800.0</A>
      <A name="transport_dist_truck">100.0</A>
      <A name="oil_sands_mine">None</A>
      <A name="oil_processing_path">Stabilization</A>
      <A name="frac_CO2_breakthrough">59</A>
      <A name="ecosystem_richness">Med carbon</A>
      <A name="field_development_intensity">Med</A>
    </Field>
    <Field name="Field 6" modifies="template">
      <A name="downhole_pump">1</A>
      <A name="water_reinjection">0</A>
      <A name="natural_gas_reinjection">1</A>
      <A name="water_flooding">0</A>
      <A name="gas_lifting">0</A>
      <A name="gas_flooding">1</A>
      <A name="steam_flooding">0</A>
      <A name="country">United Kingdom</A>
      <A name="name">Egmanton</A>
      <A name="age">57.0</A>
      <A name="depth">2952.756</A>
      <A name="oil_prod">5.118164</A>
      <A name="num_prod_wells">1</A>
      <A name="num_water_inj_wells">1</A>
      <A name="well_diam">2.775</A>
      <A name="prod_index">6.8</A>
      <A name="res_press">1214.337</A>
      <A name="res_temp">123.1496</A>
      <A name="offshore">0.0</A>
      <A name="API">35.0</A>
      <A name="gas_comp_N2">2.86</A>
      <A name="gas_comp_CO2">0.33</A>
      <A name="gas_comp_C1">89.18</A>
      <A name="gas_comp_C2">5.3</A>
      <A name="gas_comp_C3">1.62</A>
      <A name="gas_comp_C4">0.71</A>
      <A name="gas_comp_H2S">0.0</A>
      <A name="GOR">113.4075</A>
      <A name="WOR">5.548822</A>
      <A name="WIR">0.0</A>
      <A name="GLIR">363.8</A>
      <A name="GFIR">10000.0</A>
      <A name="flood_gas_type">CO2</A>
      <A name="SOR">0.0</A>
      <A name="fraction_elec_onsite">0.0</A>
      <A name="fraction_remaining_gas_inj">1.0</A>
      <A name="fraction_water_reinjected">0.0</A>
      <A name="fraction_steam_cogen">0.0</A>
      <A name="fraction_steam_solar">0.0</A>
      <Process class="CrudeOilDewatering">
        <A name="heater_treater">0</A>
      </Process>
      <A name="stabilizer_column">0</A>
      <A name="upgrader_type">None</A>
      <A name="gas_processing_path">CO2-EOR Membrane</A>
      <A name="FOR">88.4075</A>
      <A name="frac_venting">0.002</A>
      <Process class="HeavyOilDilution">
        <A name="fraction_diluent">0.0</A>
      </Process>
      <A name="frac_transport_tanker">1.0</A>
      <A name="frac_transport_barge">0.0</A>
      <A name="frac_transport_pipeline">1.0</A>
      <A name="frac_transport_rail">0.0</A>
      <A name="frac_transport_truck">0.0</A>
      <A name="transport_dist_tanker">8000.0</A>
      <A name="transport_dist_barge">500.0</A>
      <A name="transport_dist_pipeline">1000.0</A>
      <A name="transport_dist_rail">800.0</A>
      <A name="transport_dist_truck">100.0</A>
      <A name="oil_sands_mine">None</A>
      <A name="oil_processing_path">Storage</A>
      <A name="frac_CO2_breakthrough">59</A>
      <A name="ecosystem_richness">Med carbon</A>
      <A name="field_development_intensity">Med</A>
    </Field>
    <Field name="Field 7" modifies="template">
      <A name="downhole_pump">1</A>
      <A name="water_reinjection">0</A>
      <A name="natural_gas_reinjection">1</A>
      <A name="water_flooding">0</A>
      <A name="gas_lifting">0</A>
      <A name="gas_flooding">1</A>
      <A name="steam_flooding">0</A>
      <A name="country">Poland</A>
      <A name="name">Kamien Pomorski</A>
      <A name="age">44.0</A>
      <A name="depth">7647.638</A>
      <A name="oil_prod">2098.0</A>
      <A name="num_prod_wells">24</A>
      <A name="num_water_inj_wells">20</A>
      <A name="well_diam">2.775</A>
      <A name="prod_index">6.8</A>
      <A name="res_press">3145.133</A>
      <A name="res_temp">207.6575</A>
      <A name="offshore">0.0</A>
      <A name="API">32.0</A>
      <A name="gas_comp_N2">2.86</A>
      <A name="gas_comp_CO2">0.33</A>
      <A name="gas_comp_C1">89.18</A>
      <A name="gas_comp_C2">5.3</A>
      <A name="gas_comp_C3">1.62</A>
      <A name="gas_comp_C4">0.71</A>
      <A name="gas_comp_H2S">0.0</A>
      <A name="GOR">45.45</A>
      <A name="WOR">7.538766081962382</A>
      <A name="WIR">8.538766081962383</A>
      <A name="GLIR">363.8</A>
      <A name="GFIR">10000.0</A>
      <A name="flood_gas_type">CO2</A>
      <A name="SOR">0.0</A>
      <A name="fraction_elec_onsite">0.0</A>
      <A name="fraction_remaining_gas_inj">1.0</A>
      <A name="fraction_water_reinjected">1.0</A>
      <A name="fraction_steam_cogen">0.0</A>
      <A name="fraction_steam_solar">0.0</A>
      <Process class="CrudeOilDewatering">
        <A name="heater_treater">0</A>
      </Process>
      <A name="stabilizer_column">0</A>
      <A name="upgrader_type">None</A>
      <A name="gas_processing_path">CO2-EOR Membrane</A>
      <A name="FOR">0.0</A>
      <A name="frac_venting">0.002</A>
      <Process class="HeavyOilDilution">
        <A name="fraction_diluent">0.0</A>
      </Process>
      <A name="frac_transport_tanker">1.0</A>
      <A name="frac_transport_barge">0.0</A>
      <A name="frac_transport_pipeline">1.0</A>
      <A name="frac_transport_rail">0.0</A>
      <A name="frac_transport_truck">0.0</A>
      <A name="transport_dist_tanker">8000.0</A>
      <A name="transport_dist_barge">500.0</A>
      <A name="transport_dist_pipeline">1000.0</A>
      <A name="transport_dist_rail">800.0</A>
      <A name="transport_dist_truck">100.0</A>
      <A name="oil_sands_mine">None</A>
      <A name="oil_processing_path">Storage</A>
      <A name="frac_CO2_breakthrough">59</A>
      <A name="ecosystem_richness">Med carbon</A>
      <A name="field_development_intensity">Med</A>
    </Field>
    <Field name="Field 8" modifies="template">
      <A name="downhole_pump">1</A>
      <A name="water_reinjection">0</A>
      <A name="natural_gas_reinjection">1</A>
      <A name="water_flooding">0</A>
      <A name="gas_lifting">0</A>
      <A name="gas_flooding">1</A>
      <A name="steam_flooding">0</A>
      <A name="country">Hungary</A>
      <A name="name">Nagylengyel</A>
      <A name="age">61.0</A>
      <A name="depth">6889.764</A>
      <A name="oil_prod">430.0</A>
      <A name="num_prod_wells">5</A>
      <A name="num_water_inj_wells">3</A>
      <A name="well_diam">2.775</A>
      <A name="prod_index">6.8</A>
      <A name="res_press">2833.453</A>
      <A name="res_temp">194.0158</A>
      <A name="offshore">0.0</A>
      <A name="API">23.2</A>
      <A name="gas_comp_N2">2.86</A>
      <A name="gas_comp_CO2">0.33</A>
      <A name="gas_comp_C1">89.18</A>
      <A name="gas_comp_C2">5.3</A>
      <A name="gas_comp_C3">1.62</A>
      <A name="gas_comp_C4">0.71</A>
      <A name="gas_comp_H2S">0.0</A>
      <A name="GOR">5273.62</A>
      <A name="WOR">13.362659015506395</A>
      <A name="WIR">14.362659015506395</A>
      <A name="GLIR">363.8</A>
      <A name="GFIR">10000.0</A>
      <A name="flood_gas_type">CO2</A>
      <A name="SOR">0.0</A>
      <A name="fraction_elec_onsite">0.0</A>
      <A name="fraction_remaining_gas_inj">1.0</A>
      <A name="fraction_water_reinjected">1.0</A>
      <A name="fraction_steam_cogen">0.0</A>
      <A name="fraction_steam_solar">0.0</A>
      <Process class="CrudeOilDewatering">
        <A name="heater_treater">0</A>
      </Process>
      <A name="stabilizer_column">1</A>
      <A name="upgrader_type">None</A>
      <A name="gas_processing_path">CO2-EOR Membrane</A>
      <A name="FOR">0.0</A>
      <A name="frac_venting">0.002</A>
      <Process class="HeavyOilDilution">
        <A name="fraction_diluent">0.0</A>
      </Process>
      <A name="frac_transport_tanker">1.0</A>
      <A name="frac_transport_barge">0.0</A>
      <A name="frac_transport_pipeline">1.0</A>
      <A name="frac_transport_rail">0.0</A>
      <A name="frac_transport_truck">0.0</A>
      <A name="transport_dist_tanker">8000.0</A>
      <A name="transport_dist_barge">500.0</A>
      <A name="transport_dist_pipeline">1000.0</A>
      <A name="transport_dist_rail">800.0</A>
      <A name="transport_dist_truck">100.0</A>
      <A name="oil_sands_mine">None</A>
      <A name="oil_processing_path">Stabilization</A>
      <A name="frac_CO2_breakthrough">59</A>
      <A name="ecosystem_richness">Med carbon</A>
      <A name="field_development_intensity">Med</A>
    </Field>
    <Field name="Field 9" modifies="template">
      <A name="downhole_pump">1</A>
      <A name="water_reinjection">0</A>
      <A name="natural_gas_reinjection">1</A>
      <A name="water_flooding">0</A>
      <A name="gas_lifting">0</A>
      <A name="gas_flooding">1</A>
      <A name="steam_flooding">0</A>
      <A name="country">Turkey</A>
      <A name="name">Raman</A>
      <A name="age">68.0</A>
      <A name="depth">4461.942</A>
      <A name="oil_prod">4550.0</A>
      <A name="num_prod_wells">52</A>
      <A name="num_water_inj_wells">44</A>
      <A name="well_diam">2.775</A>
      <A name="prod_index">6.8</A>
      <A name="res_press">1834.998</A>
      <A name="res_temp">150.315</A>
      <A name="offshore">0.0</A>
      <A name="API">18.0</A>
      <A name="gas_comp_N2">2.86</A>
      <A name="gas_comp_CO2">0.33</A>
      <A name="gas_comp_C1">89.18</A>
      <A name="gas_comp_C2">5.3</A>
      <A name="gas_comp_C3">1.62</A>
      <A name="gas_comp_C4">0.71</A>
      <A name="gas_comp_H2S">0.0</A>
      <A name="GOR">1122.4</A>
      <A name="WOR">16.542766676460396</A>
      <A name="WIR">17.542766676460396</A>
      <A name="GLIR">363.8</A>
      <A name="GFIR">10000.0</A>
      <A name="flood_gas_type">CO2</A>
      <A name="SOR">0.0</A>
      <A name="fraction_elec_onsite">0.0</A>
      <A name="fraction_remaining_gas_inj">1.0</A>
      <A name="fraction_water_reinjected">1.0</A>
      <A name="fraction_steam_cogen">0.0</A>
      <A name="fraction_steam_solar">0.0</A>
      <Process class="CrudeOilDewatering">
        <A name="heater_treater">0</A>
      </Process>
      <A name="stabilizer_column">1</A>
      <A name="upgrader_type">None</A>
      <A name="gas_processing_path">CO2-EOR Membrane</A>
      <A name="FOR">0.0</A>
      <A name="frac_venting">0.002</A>
      <Process class="HeavyOilDilution">
        <A name="fraction_diluent">0.0</A>
      </Process>
      <A name="frac_transport_tanker">1.0</A>
      <A name="frac_transport_barge">0.0</A>
      <A name="frac_transport_pipeline">1.0</A>
      <A name="frac_transport_rail">0.0</A>
      <A name="frac_transport_truck">0.0</A>
      <A name="transport_dist_tanker">8000.0</A>
      <A name="transport_dist_barge">500.0</A>
      <A name="transport_dist_pipeline">1000.0</A>
      <A name="transport_dist_rail">800.0</A>
      <A name="transport_dist_truck">100.0</A>
      <A name="oil_sands_mine">None</A>
      <A name="oil_processing_path">Stabilization</A>
      <A name="frac_CO2_breakthrough">59</A>
      <A name="ecosystem_richness">Med carbon</A>
      <A name="field_development_intensity">Med</A>
    </Field>
    <Field name="Field 10" modifies="template">
      <A name="downhole_pump">1</A>
      <A name="water_reinjection">0</A>
      <A name="natural_gas_reinjection">1</A>
      <A name="water_flooding">0</A>
      <A name="gas_lifting">0</A>
      <A name="gas_flooding">1</A>
      <A name="steam_flooding">0</A>
      <A name="country">Hungary</A>
      <A name="name">Savoly</A>
      <A name="age">38.0</A>
      <A name="depth">4855.643</A>
      <A name="oil_prod">330.0</A>
      <A name="num_prod_wells">4</A>
      <A name="num_water_inj_wells">3</A>
      <A name="well_diam">2.775</A>
      <A name="prod_index">6.8</A>
      <A name="res_press">1996.91</A>
      <A name="res_temp">157.4016</A>
      <A name="offshore">0.0</A>
      <A name="API">20.5</A>
      <A name="gas_comp_N2">2.86</A>
      <A name="gas_comp_CO2">0.33</A>
      <A name="gas_comp_C1">89.18</A>
      <A name="gas_comp_C2">5.3</A>
      <A name="gas_comp_C3">1.62</A>
      <A name="gas_comp_C4">0.71</A>
      <A name="gas_comp_H2S">0.0</A>
      <A name="GOR">445.27</A>
      <A name="WOR">5.988459820801585</A>
      <A name="WIR">6.988459820801585</A>
      <A name="GLIR">363.8</A>
      <A name="GFIR">10000.0</A>
      <A name="flood_gas_type">CO2</A>
      <A name="SOR">0.0</A>
      <A name="fraction_elec_onsite">0.0</A>
      <A name="fraction_remaining_gas_inj">1.0</A>
      <A name="fraction_water_reinjected">1.0</A>
      <A name="fraction_steam_cogen">0.0</A>
      <A name="fraction_steam_solar">0.0</A>
      <Process class="CrudeOilDewatering">
        <A name="heater_treater">0</A>
      </Process>
      <A name="stabilizer_column">0</A>
      <A name="upgrader_type">None</A>
      <A name="gas_processing_path">CO2-EOR Membrane</A>
      <A name="FOR">0.0</A>
      <A name="frac_venting">0.002</A>
      <Process class="HeavyOilDilution">
        <A name="fraction_diluent">0.0</A>
      </Process>
      <A name="frac_transport_tanker">1.0</A>
      <A name="frac_transport_barge">0.0</A>
      <A name="frac_transport_pipeline">1.0</A>
      <A name="frac_transport_rail">0.0</A>
      <A name="frac_transport_truck">0.0</A>
      <A name="transport_dist_tanker">8000.0</A>
      <A name="transport_dist_barge">500.0</A>
      <A name="transport_dist_pipeline">1000.0</A>
      <A name="transport_dist_rail">800.0</A>
      <A name="transport_dist_truck">100.0</A>
      <A name="oil_sands_mine">None</A>
      <A name="oil_processing_path">Storage</A>
      <A name="frac_CO2_breakthrough">59</A>
      <A name="ecosystem_richness">Med carbon</A>
      <A name="field_development_intensity">Med</A>
    </Field>
    <Field name="Field 11" modifies="template">
      <A name="downhole_pump">1</A>
      <A name="water_reinjection">0</A>
      <A name="natural_gas_reinjection">1</A>
      <A name="water_flooding">0</A>
      <A name="gas_lifting">0</A>
      <A name="gas_flooding">1</A>
      <A name="steam_flooding">0</A>
      <A name="country">Hungary</A>
      <A name="name">Szank</A>
      <A name="age">51.0</A>
      <A name="depth">5587.271</A>
      <A name="oil_prod">260.0</A>
      <A name="num_prod_wells">3</A>
      <A name="num_water_inj_wells">2</A>
      <A name="well_diam">2.775</A>
      <A name="prod_index">6.8</A>
      <A name="res_press">2297.795</A>
      <A name="res_temp">170.5709</A>
      <A name="offshore">0.0</A>
      <A name="API">46.0</A>
      <A name="gas_comp_N2">2.86</A>
      <A name="gas_comp_CO2">0.33</A>
      <A name="gas_comp_C1">89.18</A>
      <A name="gas_comp_C2">5.3</A>
      <A name="gas_comp_C3">1.62</A>
      <A name="gas_comp_C4">0.71</A>
      <A name="gas_comp_H2S">0.0</A>
      <A name="GOR">8939.19</A>
      <A name="WOR">9.653470508878101</A>
      <A name="WIR">10.653470508878101</A>
      <A name="GLIR">363.8</A>
      <A name="GFIR">10000.0</A>
      <A name="flood_gas_type">CO2</A>
      <A name="SOR">0.0</A>
      <A name="fraction_elec_onsite">0.0</A>
      <A name="fraction_remaining_gas_inj">1.0</A>
      <A name="fraction_water_reinjected">1.0</A>
      <A name="fraction_steam_cogen">0.0</A>
      <A name="fraction_steam_solar">0.0</A>
      <Process class="CrudeOilDewatering">
        <A name="heater_treater">0</A>
      </Process>
      <A name="stabilizer_column">1</A>
      <A name="upgrader_type">None</A>
      <A name="gas_processing_path">CO2-EOR Membrane</A>
      <A name="FOR">0.0</A>
      <A name="frac_venting">0.002</A>
      <Process class="HeavyOilDilution">
        <A name="fraction_diluent">0.0</A>
      </Process>
      <A name="frac_transport_tanker">1.0</A>
      <A name="frac_transport_barge">0.0</A>
      <A name="frac_transport_pipeline">1.0</A>
      <A name="frac_transport_rail">0.0</A>
      <A name="frac_transport_truck">0.0</A>
      <A name="transport_dist_tanker">8000.0</A>
      <A name="transport_dist_barge">500.0</A>
      <A name="transport_dist_pipeline">1000.0</A>
      <A name="transport_dist_rail">800.0</A>
      <A name="transport_dist_truck">100.0</A>
      <A name="oil_sands_mine">None</A>
      <A name="oil_processing_path">Stabilization</A>
      <A name="frac_CO2_breakthrough">59</A>
      <A name="ecosystem_richness">Med carbon</A>
      <A name="field_development_intensity">Med</A>
    </Field>
    <Field name="Field 12" modifies="template">
      <A name="downhole_pump">1</A>
      <A name="water_reinjection">0</A>
      <A name="natural_gas_reinjection">1</A>
      <A name="water_flooding">0</A>
      <A name="gas_lifting">0</A>
      <A name="gas_flooding">1</A>
      <A name="steam_flooding">0</A>
      <A name="country">Hungary</A>
      <A name="name">Szank Northwest</A>
      <A name="age">38.0</A>
      <A name="depth">5423.229</A>
      <A name="oil_prod">30.0</A>
      <A name="num_prod_wells">1</A>
      <A name="num_water_inj_wells">1</A>
      <A name="well_diam">2.775</A>
      <A name="prod_index">6.8</A>
      <A name="res_press">2230.332</A>
      <A name="res_temp">167.6181</A>
      <A name="offshore">0.0</A>
      <A name="API">33.0</A>
      <A name="gas_comp_N2">2.86</A>
      <A name="gas_comp_CO2">0.33</A>
      <A name="gas_comp_C1">89.18</A>
      <A name="gas_comp_C2">5.3</A>
      <A name="gas_comp_C3">1.62</A>
      <A name="gas_comp_C4">0.71</A>
      <A name="gas_comp_H2S">0.0</A>
      <A name="GOR">2429.3</A>
      <A name="WOR">5.988459820801585</A>
      <A name="WIR">6.988459820801585</A>
      <A name="GLIR">363.8</A>
      <A name="GFIR">10000.0</A>
      <A name="flood_gas_type">CO2</A>
      <A name="SOR">0.0</A>
      <A name="fraction_elec_onsite">0.0</A>
      <A name="fraction_remaining_gas_inj">1.0</A>
      <A name="fraction_water_reinjected">1.0</A>
      <A name="fraction_steam_cogen">0.0</A>
      <A name="fraction_steam_solar">0.0</A>
      <Process class="CrudeOilDewatering">
        <A name="heater_treater">0</A>
      </Process>
      <A name="stabilizer_column">1</A>
      <A name="upgrader_type">None</A>
      <A name="gas_processing_path">CO2-EOR Membrane</A>
      <A name="FOR">0.0</A>
      <A name="frac_venting">0.002</A>
      <Process class="HeavyOilDilution">
        <A name="fraction_diluent">0.0</A>
      </Process>
      <A name="frac_transport_tanker">1.0</A>
      <A name="frac_transport_barge">0.0</A>
      <A name="frac_transport_pipeline">1.0</A>
      <A name="frac_transport_rail">0.0</A>
      <A name="frac_transport_truck">0.0</A>
      <A name="transport_dist_tanker">8000.0</A>
      <A name="transport_dist_barge">500.0</A>
      <A name="transport_dist_pipeline">1000.0</A>
      <A name="transport_dist_rail">800.0</A>
      <A name="transport_dist_truck">100.0</A>
      <A name="oil_sands_mine">None</A>
      <A name="oil_processing_path">Stabilization</A>
      <A name="frac_CO2_breakthrough">59</A>
      <A name="ecosystem_richness">Med carbon</A>
      <A name="field_development_intensity">Med</A>
    </Field>
    <Field name="Field 13" modifies="template">
      <A name="downhole_pump">1</A>
      <A name="water_reinjection">0</A>
      <A name="natural_gas_reinjection">1</A>
      <A name="water_flooding">0</A>
      <A name="gas_lifting">0</A>
      <A name="gas_flooding">1</A>
      <A name="steam_flooding">0</A>
      <A name="country">Brazil</A>
      <A name="name">Boa Vista</A>
      <A name="age">22.0</A>
      <A name="depth">3231.627</A>
      <A name="oil_prod">500.0</A>
      <A name="num_prod_wells">6</A>
      <A name="num_water_inj_wells">4</A>
      <A name="well_diam">2.775</A>
      <A name="prod_index">6.8</A>
      <A name="res_press">1329.024</A>
      <A name="res_temp">128.1693</A>
      <A name="offshore">0.0</A>
      <A name="API">30.6</A>
      <A name="gas_comp_N2">2.86</A>
      <A name="gas_comp_CO2">0.33</A>
      <A name="gas_comp_C1">89.18</A>
      <A name="gas_comp_C2">5.3</A>
      <A name="gas_comp_C3">1.62</A>
      <A name="gas_comp_C4">0.71</A>
      <A name="gas_comp_H2S">0.0</A>
      <A name="GOR">855.18</A>
      <A name="WOR">2.7967576530389175</A>
      <A name="WIR">3.7967576530389175</A>
      <A name="GLIR">363.8</A>
      <A name="GFIR">10000.0</A>
      <A name="flood_gas_type">CO2</A>
      <A name="SOR">0.0</A>
      <A name="fraction_elec_onsite">0.0</A>
      <A name="fraction_remaining_gas_inj">1.0</A>
      <A name="fraction_water_reinjected">1.0</A>
      <A name="fraction_steam_cogen">0.0</A>
      <A name="fraction_steam_solar">0.0</A>
      <Process class="CrudeOilDewatering">
        <A name="heater_treater">0</A>
      </Process>
      <A name="stabilizer_column">1</A>
      <A name="upgrader_type">None</A>
      <A name="gas_processing_path">CO2-EOR Membrane</A>
      <A name="FOR">30.069080302522437</A>
      <A name="frac_venting">0.002</A>
      <Process class="HeavyOilDilution">
        <A name="fraction_diluent">0.0</A>
      </Process>
      <A name="frac_transport_tanker">1.0</A>
      <A name="frac_transport_barge">0.0</A>
      <A name="frac_transport_pipeline">1.0</A>
      <A name="frac_transport_rail">0.0</A>
      <A name="frac_transport_truck">0.0</A>
      <A name="transport_dist_tanker">8000.0</A>
      <A name="transport_dist_barge">500.0</A>
      <A name="transport_dist_pipeline">1000.0</A>
      <A name="transport_dist_rail">800.0</A>
      <A name="transport_dist_truck">100.0</A>
      <A name="oil_sands_mine">None</A>
      <A name="oil_processing_path">Stabilization</A>
      <A name="frac_CO2_breakthrough">59</A>
      <A name="ecosystem_richness">Med carbon</A>
      <A name="field_development_intensity">Med</A>
    </Field>
    <Field name="Field 14" modifies="template">
      <A name="downhole_pump">1</A>
      <A name="water_reinjection">0</A>
      <A name="natural_gas_reinjection">1</A>
      <A name="water_flooding">0</A>
      <A name="gas_lifting">0</A>
      <A name="gas_flooding">1</A>
      <A name="steam_flooding">1</A>
      <A name="country">Brazil</A>
      <A name="name">Miranga</A>
      <A name="age">51.0</A>
      <A name="depth">4950.788</A>
      <A name="oil_prod">1770.0</A>
      <A name="num_prod_wells">21</A>
      <A name="num_water_inj_wells">18</A>
      <A name="well_diam">2.775</A>
      <A name="prod_index">6.8</A>
      <A name="res_press">2036.038</A>
      <A name="res_temp">159.1142</A>
      <A name="offshore">0.0</A>
      <A name="API">36.5</A>
      <A name="gas_comp_N2">2.86</A>
      <A name="gas_comp_CO2">0.33</A>
      <A name="gas_comp_C1">89.18</A>
      <A name="gas_comp_C2">5.3</A>
      <A name="gas_comp_C3">1.62</A>
      <A name="gas_comp_C4">0.71</A>
      <A name="gas_comp_H2S">0.0</A>
      <A name="GOR">1918.87</A>
      <A name="WOR">0.5</A>
      <A name="WIR">1.5</A>
      <A name="GLIR">363.8</A>
      <A name="GFIR">10000.0</A>
      <A name="flood_gas_type">CO2</A>
      <A name="SOR">3.0</A>
      <A name="fraction_elec_onsite">0.0</A>
      <A name="fraction_remaining_gas_inj">1.0</A>
      <A name="fraction_water_reinjected">1.0</A>
      <A name="fraction_steam_cogen">0.0</A>
      <A name="fraction_steam_solar">0.0</A>
      <Process class="CrudeOilDewatering">
        <A name="heater_treater">0</A>
      </Process>
      <A name="stabilizer_column">1</A>
      <A name="upgrader_type">None</A>
      <A name="gas_processing_path">CO2-EOR Membrane</A>
      <A name="FOR">30.069080302522437</A>
      <A name="frac_venting">0.002</A>
      <Process class="HeavyOilDilution">
        <A name="fraction_diluent">0.0</A>
      </Process>
      <A name="frac_transport_tanker">1.0</A>
      <A name="frac_transport_barge">0.0</A>
      <A name="frac_transport_pipeline">1.0</A>
      <A name="frac_transport_rail">0.0</A>
      <A name="frac_transport_truck">0.0</A>
      <A name="transport_dist_tanker">8000.0</A>
      <A name="transport_dist_barge">500.0</A>
      <A name="transport_dist_pipeline">1000.0</A>
      <A name="transport_dist_rail">800.0</A>
      <A name="transport_dist_truck">100.0</A>
      <A name="oil_sands_mine">None</A>
      <A name="oil_processing_path">Stabilization</A>
      <A name="frac_CO2_breakthrough">59</A>
      <A name="ecosystem_richness">Med carbon</A>
      <A name="field_development_intensity">Med</A>
    </Field>
    <Field name="Field 15" modifies="template">
      <A name="downhole_pump">1</A>
      <A name="water_reinjection">0</A>
      <A name="natural_gas_reinjection">1</A>
      <A name="water_flooding">0</A>
      <A name="gas_lifting">0</A>
      <A name="gas_flooding">1</A>
      <A name="steam_flooding">0</A>
      <A name="country">Brazil</A>
      <A name="name">Rio Pojuca</A>
      <A name="age">34.0</A>
      <A name="depth">6046.588</A>
      <A name="oil_prod">310.0</A>
      <A name="num_prod_wells">4</A>
      <A name="num_water_inj_wells">3</A>
      <A name="well_diam">2.775</A>
      <A name="prod_index">6.8</A>
      <A name="res_press">2486.692</A>
      <A name="res_temp">178.8386</A>
      <A name="offshore">0.0</A>
      <A name="API">36.5</A>
      <A name="gas_comp_N2">2.86</A>
      <A name="gas_comp_CO2">0.33</A>
      <A name="gas_comp_C1">89.18</A>
      <A name="gas_comp_C2">5.3</A>
      <A name="gas_comp_C3">1.62</A>
      <A name="gas_comp_C4">0.71</A>
      <A name="gas_comp_H2S">0.0</A>
      <A name="GOR">690.32</A>
      <A name="WOR">5.07223406748376</A>
      <A name="WIR">6.07223406748376</A>
      <A name="GLIR">363.8</A>
      <A name="GFIR">10000.0</A>
      <A name="flood_gas_type">CO2</A>
      <A name="SOR">0.0</A>
      <A name="fraction_elec_onsite">0.0</A>
      <A name="fraction_remaining_gas_inj">1.0</A>
      <A name="fraction_water_reinjected">1.0</A>
      <A name="fraction_steam_cogen">0.0</A>
      <A name="fraction_steam_solar">0.0</A>
      <Process class="CrudeOilDewatering">
        <A name="heater_treater">0</A>
      </Process>
      <A name="stabilizer_column">1</A>
      <A name="upgrader_type">None</A>
      <A name="gas_processing_path">CO2-EOR Membrane</A>
      <A name="FOR">30.069080302522437</A>
      <A name="frac_venting">0.002</A>
      <Process class="HeavyOilDilution">
        <A name="fraction_diluent">0.0</A>
      </Process>
      <A name="frac_transport_tanker">1.0</A>
      <A name="frac_transport_barge">0.0</A>
      <A name="frac_transport_pipeline">1.0</A>
      <A name="frac_transport_rail">0.0</A>
      <A name="frac_transport_truck">0.0</A>
      <A name="transport_dist_tanker">8000.0</A>
      <A name="transport_dist_barge">500.0</A>
      <A name="transport_dist_pipeline">1000.0</A>
      <A name="transport_dist_rail">800.0</A>
      <A name="transport_dist_truck">100.0</A>
      <A name="oil_sands_mine">None</A>
      <A name="oil_processing_path">Stabilization</A>
      <A name="frac_CO2_breakthrough">59</A>
      <A name="ecosystem_richness">Med carbon</A>
      <A name="field_development_intensity">Med</A>
    </Field>
    <Field name="Field 16" modifies="template">
      <A name="downhole_pump">1</A>
      <A name="water_reinjection">1</A>
      <A name="natural_gas_reinjection">1</A>
      <A name="water_flooding">0</A>
      <A name="gas_lifting">0</A>
      <A name="gas_flooding">1</A>
      <A name="steam_flooding">0</A>
      <A name="country">United Arab Emirates</A>
      <A name="name">Abu Al Bukhoosh</A>
      <A name="age">42.0</A>
      <A name="depth">7713.255</A>
      <A name="oil_prod">9800.0</A>
      <A name="num_prod_wells">112</A>
      <A name="num_water_inj_wells">93</A>
      <A name="well_diam">2.775</A>
      <A name="prod_index">9.57833</A>
      <A name="res_press">3172.118</A>
      <A name="res_temp">208.8386</A>
      <A name="offshore">1.0</A>
      <A name="API">36.0</A>
      <A name="gas_comp_N2">2.86</A>
      <A name="gas_comp_CO2">0.33</A>
      <A name="gas_comp_C1">89.18</A>
      <A name="gas_comp_C2">5.3</A>
      <A name="gas_comp_C3">1.62</A>
      <A name="gas_comp_C4">0.71</A>
      <A name="gas_comp_H2S">0.0</A>
      <A name="GOR">2429.3</A>
      <A name="WOR">6.997003623430893</A>
      <A name="WIR">0.0</A>
      <A name="GLIR">363.8</A>
      <A name="GFIR">10000.0</A>
      <A name="flood_gas_type">CO2</A>
      <A name="SOR">0.0</A>
      <A name="fraction_elec_onsite">1.0</A>
      <A name="fraction_remaining_gas_inj">1.0</A>
      <A name="fraction_water_reinjected">1.0</A>
      <A name="fraction_steam_cogen">0.0</A>
      <A name="fraction_steam_solar">0.0</A>
      <Process class="CrudeOilDewatering">
        <A name="heater_treater">0</A>
      </Process>
      <A name="stabilizer_column">1</A>
      <A name="upgrader_type">None</A>
      <A name="gas_processing_path">CO2-EOR Membrane</A>
      <A name="FOR">18.041430120501637</A>
      <A name="frac_venting">0.002</A>
      <Process class="HeavyOilDilution">
        <A name="fraction_diluent">0.0</A>
      </Process>
      <A name="frac_transport_tanker">1.0</A>
      <A name="frac_transport_barge">0.0</A>
      <A name="frac_transport_pipeline">1.0</A>
      <A name="frac_transport_rail">0.0</A>
      <A name="frac_transport_truck">0.0</A>
      <A name="transport_dist_tanker">8000.0</A>
      <A name="transport_dist_barge">500.0</A>
      <A name="transport_dist_pipeline">1000.0</A>
      <A name="transport_dist_rail">800.0</A>
      <A name="transport_dist_truck">100.0</A>
      <A name="oil_sands_mine">None</A>
      <A name="oil_processing_path">Stabilization</A>
      <A name="frac_CO2_breakthrough">59</A>
      <A name="ecosystem_richness">Low carbon</A>
      <A name="field_development_intensity">Low</A>
    </Field>
    <Field name="Field 17" modifies="template">
      <A name="downhole_pump">1</A>
      <A name="water_reinjection">1</A>
      <A name="natural_gas_reinjection">1</A>
      <A name="water_flooding">0</A>
      <A name="gas_lifting">0</A>
      <A name="gas_flooding">1</A>
      <A name="steam_flooding">0</A>
      <A name="country">Brazil</A>
      <A name="name">Lula-Iracema</A>
      <A name="age">7.0</A>
      <A name="depth">24278.22</A>
      <A name="oil_prod">327040.0</A>
      <A name="num_prod_wells">6</A>
      <A name="num_water_inj_wells">1</A>
      <A name="well_diam">6.525</A>
      <A name="prod_index">16.8</A>
      <A name="res_press">8000.0</A>
      <A name="res_temp">380.0394</A>
      <A name="offshore">1.0</A>
      <A name="API">28.8</A>
      <A name="gas_comp_N2">2.553827631182904</A>
      <A name="gas_comp_CO2">11.0</A>
      <A name="gas_comp_C1">79.63298886324873</A>
      <A name="gas_comp_C2">4.73261763820608</A>
      <A name="gas_comp_C3">1.4465736931875186</A>
      <A name="gas_comp_C4">0.6339921741747767</A>
      <A name="gas_comp_H2S">0.0</A>
      <A name="GOR">361.19</A>
      <A name="WOR">0.1</A>
      <A name="WIR">0.0</A>
      <A name="GLIR">363.8</A>
      <A name="GFIR">10000.0</A>
      <A name="flood_gas_type">CO2</A>
      <A name="SOR">0.0</A>
      <A name="fraction_elec_onsite">1.0</A>
      <A name="fraction_remaining_gas_inj">1.0</A>
      <A name="fraction_water_reinjected">1.0</A>
      <A name="fraction_steam_cogen">0.0</A>
      <A name="fraction_steam_solar">0.0</A>
      <Process class="CrudeOilDewatering">
        <A name="heater_treater">0</A>
      </Process>
      <A name="stabilizer_column">0</A>
      <A name="upgrader_type">None</A>
      <A name="gas_processing_path">CO2-EOR Membrane</A>
      <A name="FOR">38.91661</A>
      <A name="frac_venting">0.002</A>
      <Process class="HeavyOilDilution">
        <A name="fraction_diluent">0.0</A>
      </Process>
      <A name="frac_transport_tanker">1.0</A>
      <A name="frac_transport_barge">0.0</A>
      <A name="frac_transport_pipeline">1.0</A>
      <A name="frac_transport_rail">0.0</A>
      <A name="frac_transport_truck">0.0</A>
      <A name="transport_dist_tanker">8000.0</A>
      <A name="transport_dist_barge">500.0</A>
      <A name="transport_dist_pipeline">1000.0</A>
      <A name="transport_dist_rail">800.0</A>
      <A name="transport_dist_truck">100.0</A>
      <A name="oil_sands_mine">None</A>
      <A name="oil_processing_path">Storage</A>
      <A name="frac_CO2_breakthrough">59</A>
      <A name="ecosystem_richness">Low carbon</A>
      <A name="field_development_intensity">Low</A>
    </Field>
    <Field name="Field 18" modifies="template">
      <A name="downhole_pump">1</A>
      <A name="water_reinjection">1</A>
      <A name="natural_gas_reinjection">1</A>
      <A name="water_flooding">0</A>
      <A name="gas_lifting">0</A>
      <A name="gas_flooding">0</A>
      <A name="steam_flooding">0</A>
      <A name="country">Generic</A>
      <A name="name">Generic</A>
      <A name="age">38.0</A>
      <A name="depth">7122.0</A>
      <A name="oil_prod">2098.0</A>
      <A name="num_prod_wells">24</A>
      <A name="num_water_inj_wells">20</A>
      <A name="well_diam">2.775</A>
      <A name="prod_index">6.8</A>
      <A name="res_press">1531.23</A>
      <A name="res_temp">198.196</A>
      <A name="offshore">0.0</A>
      <A name="API">32.8</A>
      <A name="gas_comp_N2">2.86</A>
      <A name="gas_comp_CO2">0.33</A>
      <A name="gas_comp_C1">89.18</A>
      <A name="gas_comp_C2">5.3</A>
      <A name="gas_comp_C3">1.62</A>
      <A name="gas_comp_C4">0.71</A>
      <A name="gas_comp_H2S">0.0</A>
      <A name="GOR">2429.3</A>
      <A name="WOR">5.988459820801585</A>
      <A name="WIR">6.988459820801585</A>
      <A name="GLIR">363.8</A>
      <A name="GFIR">3643.9500000000003</A>
      <A name="flood_gas_type">NG</A>
      <A name="SOR">0.0</A>
      <A name="fraction_elec_onsite">0.0</A>
      <A name="fraction_remaining_gas_inj">0.5</A>
      <A name="fraction_water_reinjected">1.0</A>
      <A name="fraction_steam_cogen">0.0</A>
      <A name="fraction_steam_solar">0.0</A>
      <Process class="CrudeOilDewatering">
        <A name="heater_treater">0</A>
      </Process>
      <A name="stabilizer_column">1</A>
      <A name="upgrader_type">None</A>
      <A name="gas_processing_path">Acid Wet Gas</A>
      <A name="FOR">139.88468350212185</A>
      <A name="frac_venting">0.002</A>
      <Process class="HeavyOilDilution">
        <A name="fraction_diluent">0.0</A>
      </Process>
      <A name="frac_transport_tanker">1.0</A>
      <A name="frac_transport_barge">0.0</A>
      <A name="frac_transport_pipeline">1.0</A>
      <A name="frac_transport_rail">0.0</A>
      <A name="frac_transport_truck">0.0</A>
      <A name="transport_dist_tanker">8000.0</A>
      <A name="transport_dist_barge">500.0</A>
      <A name="transport_dist_pipeline">1000.0</A>
      <A name="transport_dist_rail">800.0</A>
      <A name="transport_dist_truck">100.0</A>
      <A name="oil_sands_mine">None</A>
      <A name="oil_processing_path">Stabilization</A>
      <A name="frac_CO2_breakthrough">59</A>
      <A name="ecosystem_richness">Med carbon</A>
      <A name="field_development_intensity">Med</A>
    </Field>
  </Analysis>
</Model>
