<?xml version='1.0' encoding='UTF-8'?>
<Model>
  <Analysis name="test-fields">
    <Field name="Field 4" modifies="template">
      <A name="downhole_pump">1</A>
      <A name="water_reinjection">1</A>
      <A name="natural_gas_reinjection">0</A>
      <A name="water_flooding">0</A>
      <A name="gas_lifting">0</A>
      <A name="gas_flooding">0</A>
      <A name="steam_flooding">0</A>
      <A name="oil_sands_mine">None</A>
      <A name="country">Angola</A>
      <A name="name">Takula</A>
      <A name="age">35.0</A>
      <A name="depth">3200.0</A>
      <A name="oil_prod">105000.0</A>
      <A name="num_prod_wells">69.0</A>
      <A name="num_water_inj_wells">21.0</A>
      <A name="res_press">1300.0</A>
      <A name="API">32.0</A>
      <A name="WOR">4.0</A>
      <A name="WIR">4.67</A>
      <A name="gas_processing_path">None</A>
      <A name="frac_transport_tanker">1.0</A>
      <A name="frac_transport_barge">0.0</A>
      <A name="frac_transport_pipeline">1.0</A>
      <A name="frac_transport_rail">0.0</A>
      <A name="transport_dist_tanker">7696.26</A>
      <A name="transport_dist_barge">0.0</A>
      <A name="transport_dist_pipeline">24.0</A>
      <A name="transport_dist_rail">0.0</A>
    </Field>
    <Field name="Field 5" modifies="template">
      <A name="downhole_pump">0</A>
      <A name="water_reinjection">0</A>
      <A name="natural_gas_reinjection">0</A>
      <A name="water_flooding">0</A>
      <A name="gas_lifting">1</A>
      <A name="gas_flooding">0</A>
      <A name="steam_flooding">0</A>
      <A name="oil_sands_mine">None</A>
      <A name="country">Australia</A>
      <A name="name">Cossack</A>
      <A name="age">27.0</A>
      <A name="depth">9719.0</A>
      <A name="oil_prod">60000.0</A>
      <A name="num_prod_wells">12.0</A>
      <A name="num_water_inj_wells">0.0</A>
      <A name="well_diam">5.0</A>
      <A name="prod_index">50.0</A>
      <A name="res_press">4000.0</A>
      <A name="API">47.3</A>
      <A name="GOR">2000.0</A>
      <A name="WOR">0.18</A>
      <A name="WIR">0.0</A>
      <A name="GLIR">666.0</A>
      <A name="gas_processing_path">None</A>
      <A name="frac_transport_tanker">1.0</A>
      <A name="frac_transport_barge">0.0</A>
      <A name="frac_transport_pipeline">1.0</A>
      <A name="frac_transport_rail">0.0</A>
      <A name="transport_dist_tanker">13605.06</A>
      <A name="transport_dist_barge">0.0</A>
      <A name="transport_dist_pipeline">80.0</A>
      <A name="transport_dist_rail">0.0</A>
    </Field>
    <Field name="Field 6" modifies="template">
      <A name="downhole_pump">1</A>
      <A name="water_reinjection">1</A>
      <A name="natural_gas_reinjection">0</A>
      <A name="water_flooding">0</A>
      <A name="gas_lifting">0</A>
      <A name="gas_flooding">0</A>
      <A name="steam_flooding">0</A>
      <A name="oil_sands_mine">None</A>
      <A name="country">Azerbaijan</A>
      <A name="name">Azeri</A>
      <A name="age">17.0</A>
      <A name="depth">9075.0</A>
      <A name="oil_prod">655700.0</A>
      <A name="num_prod_wells">77.0</A>
      <A name="num_water_inj_wells">30.0</A>
      <A name="API">35.0</A>
      <A name="GOR">1299.0</A>
      <A name="gas_processing_path">None</A>
      <A name="frac_transport_tanker">1.0</A>
      <A name="frac_transport_barge">0.0</A>
      <A name="frac_transport_pipeline">1.0</A>
      <A name="frac_transport_rail">0.0</A>
      <A name="transport_dist_tanker">8252.0</A>
      <A name="transport_dist_barge">0.0</A>
      <A name="transport_dist_pipeline">518.0</A>
      <A name="transport_dist_rail">0.0</A>
    </Field>
    <Field name="Field 7" modifies="template">
      <A name="downhole_pump">0</A>
      <A name="water_reinjection">1</A>
      <A name="natural_gas_reinjection">0</A>
      <A name="water_flooding">0</A>
      <A name="gas_lifting">1</A>
      <A name="gas_flooding">0</A>
      <A name="steam_flooding">0</A>
      <A name="oil_sands_mine">None</A>
      <A name="country">Brazil</A>
      <A name="name">Frade</A>
      <A name="age">4.0</A>
      <A name="depth">6730.0</A>
      <A name="oil_prod">16912.0</A>
      <A name="num_prod_wells">12.0</A>
      <A name="num_water_inj_wells">7.0</A>
      <A name="res_press">2900.0</A>
      <A name="API">19.0</A>
      <A name="GOR">370.0</A>
      <A name="WOR">1.3</A>
      <A name="WIR">1.3</A>
      <A name="GLIR">580.0</A>
      <A name="fraction_elec_onsite">1.0</A>
      <A name="fraction_water_reinjected">1.0</A>
      <A name="gas_processing_path">None</A>
      <A name="frac_transport_tanker">1.0</A>
      <A name="frac_transport_barge">0.0</A>
      <A name="frac_transport_pipeline">0.0</A>
      <A name="frac_transport_rail">0.0</A>
      <A name="transport_dist_tanker">6200.0</A>
      <A name="transport_dist_barge">0.0</A>
      <A name="transport_dist_pipeline">0.0</A>
      <A name="transport_dist_rail">0.0</A>
    </Field>
    <Field name="Field 8" modifies="template">
      <A name="downhole_pump">1</A>
      <A name="water_reinjection">1</A>
      <A name="natural_gas_reinjection">0</A>
      <A name="water_flooding">0</A>
      <A name="gas_lifting">0</A>
      <A name="gas_flooding">1</A>
      <A name="steam_flooding">0</A>
      <A name="oil_sands_mine">None</A>
      <A name="country">Brazil</A>
      <A name="name">Lula</A>
      <A name="age">11.0</A>
      <A name="depth">19737.0</A>
      <A name="oil_prod">1050000.0</A>
      <A name="num_prod_wells">6.0</A>
      <A name="num_water_inj_wells">1.0</A>
      <A name="res_press">8000.0</A>
      <A name="res_temp">380.04</A>
      <A name="offshore">1.0</A>
      <A name="API">28.8</A>
      <A name="gas_comp_CO2">11.0</A>
      <A name="GOR">1419.0</A>
      <A name="WOR">0.1</A>
      <A name="WIR">0.5</A>
      <A name="GLIR">0.0</A>
      <A name="GFIR">175.0</A>
      <A name="flood_gas_type">CO2</A>
      <A name="fraction_elec_onsite">1.0</A>
      <A name="fraction_remaining_gas_inj">0.0</A>
      <A name="fraction_water_reinjected">1.0</A>
      <A name="gas_processing_path">CO2-EOR Ryan Holmes</A>
      <A name="FOR">38.92</A>
    </Field>
    <Field name="Field 9" modifies="template">
      <A name="downhole_pump">0</A>
      <A name="water_reinjection">1</A>
      <A name="natural_gas_reinjection">1</A>
      <A name="water_flooding">0</A>
      <A name="gas_lifting">0</A>
      <A name="gas_flooding">0</A>
      <A name="steam_flooding">0</A>
      <A name="oil_sands_mine">None</A>
      <A name="country">Canada</A>
      <A name="name">Midale (Southeast Saskatchewan)</A>
      <A name="age">60.0</A>
      <A name="depth">4600.0</A>
      <A name="oil_prod">5000.0</A>
      <A name="num_prod_wells">953.0</A>
      <A name="num_water_inj_wells">83.0</A>
      <A name="res_press">2600.0</A>
      <A name="API">28.7</A>
      <A name="GOR">2000.0</A>
      <A name="WOR">11.5</A>
      <A name="WIR">12.5</A>
      <A name="fraction_remaining_gas_inj">0.15</A>
      <A name="fraction_water_reinjected">1.0</A>
      <A name="gas_processing_path">None</A>
      <A name="frac_transport_tanker">0.0</A>
      <A name="frac_transport_barge">0.0</A>
      <A name="frac_transport_pipeline">1.0</A>
      <A name="frac_transport_rail">0.0</A>
      <A name="transport_dist_tanker">0.0</A>
      <A name="transport_dist_barge">0.0</A>
      <A name="transport_dist_pipeline">2000.0</A>
      <A name="transport_dist_rail">0.0</A>
    </Field>
    <Field name="Field 10" modifies="template">
      <A name="downhole_pump">0</A>
      <A name="water_reinjection">0</A>
      <A name="natural_gas_reinjection">1</A>
      <A name="water_flooding">0</A>
      <A name="gas_lifting">0</A>
      <A name="gas_flooding">0</A>
      <A name="steam_flooding">0</A>
      <A name="oil_sands_mine">None</A>
      <A name="country">Canada</A>
      <A name="name">Hibernia</A>
      <A name="age">15.0</A>
      <A name="depth">10065.0</A>
      <A name="oil_prod">135483.0</A>
      <A name="API">34.6</A>
      <A name="GOR">333.0</A>
      <A name="fraction_remaining_gas_inj">1.0</A>
      <A name="fraction_water_reinjected">1.0</A>
      <A name="gas_processing_path">None</A>
      <A name="frac_transport_tanker">0.0</A>
      <A name="frac_transport_barge">0.0</A>
      <A name="frac_transport_pipeline">1.0</A>
      <A name="frac_transport_rail">0.0</A>
      <A name="transport_dist_tanker">3189.0</A>
    </Field>
    <Field name="Field 11" modifies="template">
      <A name="downhole_pump">1</A>
      <A name="water_reinjection">1</A>
      <A name="natural_gas_reinjection">1</A>
      <A name="water_flooding">0</A>
      <A name="gas_lifting">0</A>
      <A name="gas_flooding">0</A>
      <A name="steam_flooding">0</A>
      <A name="oil_sands_mine">None</A>
      <A name="country">China</A>
      <A name="name">Bozhong</A>
      <A name="age">23.0</A>
      <A name="depth">10500.0</A>
      <A name="oil_prod">90000.0</A>
      <A name="num_prod_wells">88.0</A>
      <A name="num_water_inj_wells">36.0</A>
      <A name="well_diam">3.5</A>
      <A name="res_press">1450.0</A>
      <A name="API">17.5</A>
      <A name="gas_comp_N2">1.0</A>
      <A name="gas_comp_CO2">5.4</A>
      <A name="gas_comp_C1">75.0</A>
      <A name="gas_comp_C2">12.1</A>
      <A name="gas_comp_C3">2.9</A>
      <A name="gas_comp_C4">3.6</A>
      <A name="gas_comp_H2S">0.0</A>
      <A name="GOR">7276.0</A>
      <A name="WOR">1.0</A>
      <A name="WIR">1.0</A>
      <A name="fraction_elec_onsite">1.0</A>
      <A name="fraction_remaining_gas_inj">0.34</A>
      <A name="fraction_water_reinjected">1.0</A>
      <A name="gas_processing_path">None</A>
      <A name="FOR">2694.0</A>
      <A name="frac_transport_tanker">1.0</A>
      <A name="frac_transport_barge">0.0</A>
      <A name="frac_transport_pipeline">0.0</A>
      <A name="frac_transport_rail">0.0</A>
      <A name="transport_dist_tanker">11801.0</A>
      <A name="transport_dist_barge">0.0</A>
      <A name="transport_dist_pipeline">0.0</A>
      <A name="transport_dist_rail">0.0</A>
    </Field>
    <Field name="Field 12" modifies="template">
      <A name="downhole_pump">0</A>
      <A name="water_reinjection">1</A>
      <A name="natural_gas_reinjection">0</A>
      <A name="water_flooding">0</A>
      <A name="gas_lifting">1</A>
      <A name="gas_flooding">0</A>
      <A name="steam_flooding">0</A>
      <A name="oil_sands_mine">None</A>
      <A name="country">China</A>
      <A name="name">Huizhou 21-1</A>
      <A name="age">25.0</A>
      <A name="oil_prod">12403.0</A>
      <A name="num_prod_wells">10.0</A>
      <A name="num_water_inj_wells">4.0</A>
      <A name="API">43.6</A>
      <A name="GOR">628.5</A>
      <A name="WOR">3.63</A>
      <A name="WIR">1.67</A>
      <A name="GLIR">666.67</A>
      <A name="gas_processing_path">None</A>
      <A name="frac_transport_tanker">1.0</A>
      <A name="frac_transport_barge">0.0</A>
      <A name="frac_transport_pipeline">0.0</A>
      <A name="frac_transport_rail">0.0</A>
      <A name="transport_dist_tanker">12285.05</A>
      <A name="transport_dist_barge">0.0</A>
      <A name="transport_dist_pipeline">0.0</A>
      <A name="transport_dist_rail">0.0</A>
    </Field>
    <Field name="Field 13" modifies="template">
      <A name="downhole_pump">1</A>
      <A name="water_reinjection">0</A>
      <A name="natural_gas_reinjection">0</A>
      <A name="water_flooding">1</A>
      <A name="gas_lifting">0</A>
      <A name="gas_flooding">0</A>
      <A name="steam_flooding">0</A>
      <A name="oil_sands_mine">None</A>
      <A name="country">China</A>
      <A name="name">Qinhuangdao 32-6</A>
      <A name="age">16.0</A>
      <A name="depth">3600.0</A>
      <A name="oil_prod">36000.0</A>
      <A name="num_prod_wells">99.0</A>
      <A name="API">16.9</A>
      <A name="GOR">48.4</A>
      <A name="WOR">7.77</A>
      <A name="gas_processing_path">None</A>
      <A name="frac_transport_tanker">1.0</A>
      <A name="frac_transport_barge">0.0</A>
      <A name="frac_transport_pipeline">0.0</A>
      <A name="frac_transport_rail">0.0</A>
      <A name="transport_dist_tanker">11734.5</A>
      <A name="transport_dist_barge">0.0</A>
      <A name="transport_dist_pipeline">0.0</A>
      <A name="transport_dist_rail">0.0</A>
    </Field>
    <Field name="Field 14" modifies="template">
      <A name="downhole_pump">1</A>
      <A name="water_reinjection">0</A>
      <A name="natural_gas_reinjection">0</A>
      <A name="water_flooding">0</A>
      <A name="gas_lifting">0</A>
      <A name="gas_flooding">0</A>
      <A name="steam_flooding">0</A>
      <A name="oil_sands_mine">None</A>
      <A name="country">Colombia</A>
      <A name="name">Cano Limon</A>
      <A name="age">32.0</A>
      <A name="depth">7600.0</A>
      <A name="oil_prod">76533.0</A>
      <A name="num_prod_wells">49.0</A>
      <A name="prod_index">127.0</A>
      <A name="res_press">3213.0</A>
      <A name="API">29.0</A>
      <A name="GOR">8.0</A>
      <A name="WOR">1.52</A>
      <A name="gas_processing_path">None</A>
      <A name="frac_transport_tanker">1.0</A>
      <A name="frac_transport_barge">0.0</A>
      <A name="frac_transport_pipeline">1.0</A>
      <A name="frac_transport_rail">0.0</A>
      <A name="transport_dist_tanker">1978.99</A>
      <A name="transport_dist_barge">0.0</A>
      <A name="transport_dist_pipeline">480.0</A>
      <A name="transport_dist_rail">0.0</A>
    </Field>
    <Field name="Field 15" modifies="template">
      <A name="downhole_pump">1</A>
      <A name="water_reinjection">1</A>
      <A name="natural_gas_reinjection">1</A>
      <A name="water_flooding">0</A>
      <A name="gas_lifting">0</A>
      <A name="gas_flooding">0</A>
      <A name="steam_flooding">0</A>
      <A name="oil_sands_mine">None</A>
      <A name="country">Colombia</A>
      <A name="name">Cusiana</A>
      <A name="age">24.0</A>
      <A name="depth">15000.0</A>
      <A name="oil_prod">220000.0</A>
      <A name="num_prod_wells">90.0</A>
      <A name="res_press">6000.0</A>
      <A name="API">44.0</A>
      <A name="GOR">1700.0</A>
      <A name="gas_processing_path">None</A>
      <A name="frac_transport_tanker">1.0</A>
      <A name="frac_transport_barge">0.0</A>
      <A name="frac_transport_pipeline">1.0</A>
      <A name="frac_transport_rail">0.0</A>
      <A name="transport_dist_tanker">1978.99</A>
      <A name="transport_dist_barge">0.0</A>
      <A name="transport_dist_pipeline">515.0</A>
      <A name="transport_dist_rail">0.0</A>
    </Field>
    <Field name="Field 16" modifies="template">
      <A name="downhole_pump">0</A>
      <A name="water_reinjection">1</A>
      <A name="natural_gas_reinjection">0</A>
      <A name="water_flooding">0</A>
      <A name="gas_lifting">0</A>
      <A name="gas_flooding">0</A>
      <A name="steam_flooding">0</A>
      <A name="oil_sands_mine">None</A>
      <A name="country">Denmark</A>
      <A name="name">Dansk (Dan/Gorm)</A>
      <A name="age">42.0</A>
      <A name="depth">6600.0</A>
      <A name="oil_prod">44527.78</A>
      <A name="num_prod_wells">85.0</A>
      <A name="num_water_inj_wells">63.0</A>
      <A name="GOR">1310.72</A>
      <A name="WOR">1.31</A>
      <A name="WIR">2.51</A>
      <A name="gas_processing_path">None</A>
      <A name="frac_transport_tanker">1.0</A>
      <A name="transport_dist_tanker">6135.0</A>
    </Field>
    <Field name="Field 17" modifies="template">
      <A name="downhole_pump">0</A>
      <A name="water_reinjection">0</A>
      <A name="natural_gas_reinjection">1</A>
      <A name="water_flooding">0</A>
      <A name="gas_lifting">0</A>
      <A name="gas_flooding">0</A>
      <A name="steam_flooding">0</A>
      <A name="oil_sands_mine">None</A>
      <A name="country">Denmark</A>
      <A name="name">Dansk (Dan/Gorm/Tyra)</A>
      <A name="age">29.0</A>
      <A name="depth">6600.0</A>
      <A name="oil_prod">8964.05</A>
      <A name="num_prod_wells">52.0</A>
      <A name="GOR">18574.91</A>
      <A name="WOR">1.77</A>
      <A name="WIR">0.0</A>
      <A name="gas_processing_path">None</A>
      <A name="frac_transport_tanker">1.0</A>
      <A name="transport_dist_tanker">6135.0</A>
    </Field>
    <Field name="Field 18" modifies="template">
      <A name="downhole_pump">1</A>
      <A name="water_reinjection">0</A>
      <A name="natural_gas_reinjection">0</A>
      <A name="water_flooding">1</A>
      <A name="gas_lifting">0</A>
      <A name="gas_flooding">0</A>
      <A name="steam_flooding">0</A>
      <A name="oil_sands_mine">None</A>
      <A name="country">Ecuador</A>
      <A name="name">Sacha</A>
      <A name="age">49.0</A>
      <A name="depth">9700.0</A>
      <A name="oil_prod">390000.0</A>
      <A name="num_prod_wells">300.0</A>
      <A name="API">24.1</A>
      <A name="WOR">0.58</A>
      <A name="gas_processing_path">None</A>
      <A name="frac_transport_tanker">1.0</A>
      <A name="frac_transport_barge">0.0</A>
      <A name="frac_transport_pipeline">1.0</A>
      <A name="frac_transport_rail">0.0</A>
      <A name="transport_dist_tanker">2833.59</A>
      <A name="transport_dist_barge">0.0</A>
      <A name="transport_dist_pipeline">300.0</A>
      <A name="transport_dist_rail">0.0</A>
    </Field>
    <Field name="Field 19" modifies="template">
      <A name="downhole_pump">0</A>
      <A name="water_reinjection">0</A>
      <A name="natural_gas_reinjection">0</A>
      <A name="water_flooding">1</A>
      <A name="gas_lifting">1</A>
      <A name="gas_flooding">0</A>
      <A name="steam_flooding">0</A>
      <A name="oil_sands_mine">None</A>
      <A name="country">India</A>
      <A name="name">Bombay High</A>
      <A name="age">41.0</A>
      <A name="depth">4624.0</A>
      <A name="oil_prod">270000.0</A>
      <A name="num_prod_wells">580.0</A>
      <A name="num_water_inj_wells">190.0</A>
      <A name="prod_index">4.8</A>
      <A name="res_press">2200.0</A>
      <A name="API">39.4</A>
      <A name="gas_comp_N2">0.24</A>
      <A name="gas_comp_CO2">2.13</A>
      <A name="gas_comp_C1">80.98</A>
      <A name="gas_comp_C2">7.83</A>
      <A name="gas_comp_C3">4.99</A>
      <A name="gas_comp_C4">3.83</A>
      <A name="gas_comp_H2S">0.0</A>
      <A name="gas_processing_path">None</A>
    </Field>
    <Field name="Field 20" modifies="template">
      <A name="downhole_pump">1</A>
      <A name="water_reinjection">0</A>
      <A name="natural_gas_reinjection">0</A>
      <A name="water_flooding">0</A>
      <A name="gas_lifting">0</A>
      <A name="gas_flooding">0</A>
      <A name="steam_flooding">1</A>
      <A name="oil_sands_mine">None</A>
      <A name="country">Indonesia</A>
      <A name="name">Duri</A>
      <A name="age">55.0</A>
      <A name="depth">600.0</A>
      <A name="oil_prod">165057.0</A>
      <A name="num_prod_wells">2500.0</A>
      <A name="num_water_inj_wells">1000.0</A>
      <A name="well_diam">4.5</A>
      <A name="res_press">500.0</A>
      <A name="API">19.0</A>
      <A name="GOR">25.0</A>
      <A name="WOR">3.0</A>
      <A name="SOR">4.21</A>
      <A name="fraction_steam_cogen">1.0</A>
      <A name="gas_processing_path">None</A>
      <A name="FOR">5.0</A>
      <A name="frac_transport_tanker">1.0</A>
      <A name="frac_transport_barge">0.0</A>
      <A name="frac_transport_pipeline">1.0</A>
      <A name="frac_transport_rail">0.0</A>
      <A name="transport_dist_tanker">13500.0</A>
      <A name="transport_dist_barge">0.0</A>
      <A name="transport_dist_pipeline">340.0</A>
      <A name="transport_dist_rail">0.0</A>
    </Field>
    <Field name="Field 21" modifies="template">
      <A name="downhole_pump">1</A>
      <A name="water_reinjection">1</A>
      <A name="natural_gas_reinjection">0</A>
      <A name="water_flooding">0</A>
      <A name="gas_lifting">0</A>
      <A name="gas_flooding">0</A>
      <A name="steam_flooding">0</A>
      <A name="oil_sands_mine">None</A>
      <A name="country">Indonesia</A>
      <A name="name">Minas</A>
      <A name="age">58.0</A>
      <A name="depth">2000.0</A>
      <A name="oil_prod">70000.0</A>
      <A name="num_prod_wells">1400.0</A>
      <A name="well_diam">9.63</A>
      <A name="res_press">350.0</A>
      <A name="API">34.0</A>
      <A name="gas_processing_path">None</A>
      <A name="frac_transport_tanker">1.0</A>
      <A name="frac_transport_barge">0.0</A>
      <A name="frac_transport_pipeline">1.0</A>
      <A name="frac_transport_rail">0.0</A>
      <A name="transport_dist_tanker">13500.0</A>
      <A name="transport_dist_barge">0.0</A>
      <A name="transport_dist_pipeline">340.0</A>
      <A name="transport_dist_rail">0.0</A>
    </Field>
    <Field name="Field 22" modifies="template">
      <A name="downhole_pump">1</A>
      <A name="water_reinjection">0</A>
      <A name="natural_gas_reinjection">0</A>
      <A name="water_flooding">0</A>
      <A name="gas_lifting">0</A>
      <A name="gas_flooding">0</A>
      <A name="steam_flooding">0</A>
      <A name="oil_sands_mine">None</A>
      <A name="country">Iran</A>
      <A name="name">Ardeshir</A>
      <A name="age">46.0</A>
      <A name="depth">2800.0</A>
      <A name="oil_prod">140000.0</A>
      <A name="num_prod_wells">90.0</A>
      <A name="prod_index">20.0</A>
      <A name="API">26.0</A>
      <A name="WOR">0.11</A>
      <A name="gas_processing_path">None</A>
      <A name="frac_transport_tanker">1.0</A>
      <A name="frac_transport_barge">0.0</A>
      <A name="frac_transport_pipeline">1.0</A>
      <A name="frac_transport_rail">0.0</A>
      <A name="transport_dist_tanker">11497.73</A>
      <A name="transport_dist_barge">0.0</A>
      <A name="transport_dist_pipeline">45.0</A>
      <A name="transport_dist_rail">0.0</A>
    </Field>
    <Field name="Field 23" modifies="template">
      <A name="downhole_pump">1</A>
      <A name="water_reinjection">0</A>
      <A name="natural_gas_reinjection">0</A>
      <A name="water_flooding">0</A>
      <A name="gas_lifting">0</A>
      <A name="gas_flooding">1</A>
      <A name="steam_flooding">0</A>
      <A name="oil_sands_mine">None</A>
      <A name="country">Iran</A>
      <A name="name">Marun</A>
      <A name="age">51.0</A>
      <A name="depth">9501.0</A>
      <A name="oil_prod">520000.0</A>
      <A name="num_prod_wells">370.0</A>
      <A name="res_press">4000.0</A>
      <A name="API">34.0</A>
      <A name="GOR">562.0</A>
      <A name="GFIR">3500.0</A>
      <A name="fraction_remaining_gas_inj">1.0</A>
      <A name="gas_processing_path">None</A>
      <A name="frac_transport_tanker">1.0</A>
      <A name="frac_transport_barge">0.0</A>
      <A name="frac_transport_pipeline">1.0</A>
      <A name="frac_transport_rail">0.0</A>
      <A name="transport_dist_tanker">11631.41</A>
      <A name="transport_dist_barge">0.0</A>
      <A name="transport_dist_pipeline">99.0</A>
      <A name="transport_dist_rail">0.0</A>
    </Field>
  </Analysis>
</Model>
