<?xml version='1.0' encoding='UTF-8'?>
<Model>
  <Analysis name="test-fields">
    <Field name="Field 1" modifies="template">
      <A name="downhole_pump">1</A>
      <A name="water_reinjection">1</A>
      <A name="natural_gas_reinjection">0</A>
      <A name="water_flooding">0</A>
      <A name="gas_lifting">0</A>
      <A name="gas_flooding">0</A>
      <A name="steam_flooding">0</A>
      <A name="country">Egypt</A>
      <A name="name">AES-E1</A>
      <A name="age">3.0</A>
      <A name="depth">7122.0</A>
      <A name="oil_prod">240.0</A>
      <A name="num_prod_wells">3</A>
      <A name="num_water_inj_wells">2</A>
      <A name="well_diam">2.775</A>
      <A name="prod_index">6.8</A>
      <A name="res_press">1531.23</A>
      <A name="res_temp">198.196</A>
      <A name="offshore">0.0</A>
      <A name="API">32.8</A>
      <A name="gas_comp_N2">2.86</A>
      <A name="gas_comp_CO2">0.33</A>
      <A name="gas_comp_C1">89.18</A>
      <A name="gas_comp_C2">5.3</A>
      <A name="gas_comp_C3">1.62</A>
      <A name="gas_comp_C4">0.71</A>
      <A name="gas_comp_H2S">0.0</A>
      <A name="GOR">2429.3</A>
      <A name="WOR">0.300189138</A>
      <A name="WIR">0.0</A>
      <A name="GLIR">363.8</A>
      <A name="GFIR">3643.95</A>
      <A name="flood_gas_type">NG</A>
      <A name="SOR">0.0</A>
      <A name="fraction_elec_onsite">0.0</A>
      <A name="fraction_remaining_gas_inj">0.0</A>
      <A name="fraction_water_reinjected">1.0</A>
      <A name="fraction_steam_cogen">0.0</A>
      <A name="fraction_steam_solar">0.0</A>
      <Process class="CrudeOilDewatering">
        <A name="heater_treater">0</A>
      </Process>
      <A name="stabilizer_column">1</A>
      <A name="upgrader_type">None</A>
      <A name="gas_processing_path">Acid Wet Gas</A>
      <A name="FOR">387.5818689</A>
      <A name="frac_venting">0.002</A>
      <Process class="HeavyOilDilution">
        <A name="fraction_diluent">0.0</A>
      </Process>
      <A name="frac_transport_tanker">1.0</A>
      <A name="frac_transport_barge">0.0</A>
      <A name="frac_transport_pipeline">1.0</A>
      <A name="frac_transport_rail">0.0</A>
      <A name="frac_transport_truck">0.0</A>
      <A name="transport_dist_tanker">8000.0</A>
      <A name="transport_dist_barge">500.0</A>
      <A name="transport_dist_pipeline">1000.0</A>
      <A name="transport_dist_rail">800.0</A>
      <A name="transport_dist_truck">100.0</A>
      <A name="oil_sands_mine">None</A>
      <A name="oil_processing_path">Stabilization</A>
      <A name="frac_CO2_breakthrough">59</A>
      <A name="ecosystem_richness">Med carbon</A>
      <A name="field_development_intensity">Med</A>
    </Field>
    <Field name="Field 2" modifies="template">
      <A name="downhole_pump">1</A>
      <A name="water_reinjection">1</A>
      <A name="natural_gas_reinjection">0</A>
      <A name="water_flooding">0</A>
      <A name="gas_lifting">0</A>
      <A name="gas_flooding">0</A>
      <A name="steam_flooding">0</A>
      <A name="country">Egypt</A>
      <A name="name">AES-E3</A>
      <A name="age">3.0</A>
      <A name="depth">7122.0</A>
      <A name="oil_prod">1000.0</A>
      <A name="num_prod_wells">12</A>
      <A name="num_water_inj_wells">7</A>
      <A name="well_diam">2.775</A>
      <A name="prod_index">6.8</A>
      <A name="res_press">1531.23</A>
      <A name="res_temp">198.196</A>
      <A name="offshore">0.0</A>
      <A name="API">32.8</A>
      <A name="gas_comp_N2">2.86</A>
      <A name="gas_comp_CO2">0.33</A>
      <A name="gas_comp_C1">89.18</A>
      <A name="gas_comp_C2">5.3</A>
      <A name="gas_comp_C3">1.62</A>
      <A name="gas_comp_C4">0.71</A>
      <A name="gas_comp_H2S">0.0</A>
      <A name="GOR">2429.3</A>
      <A name="WOR">0.300189138</A>
      <A name="WIR">0.0</A>
      <A name="GLIR">363.8</A>
      <A name="GFIR">3643.95</A>
      <A name="flood_gas_type">NG</A>
      <A name="SOR">0.0</A>
      <A name="fraction_elec_onsite">0.0</A>
      <A name="fraction_remaining_gas_inj">0.0</A>
      <A name="fraction_water_reinjected">1.0</A>
      <A name="fraction_steam_cogen">0.0</A>
      <A name="fraction_steam_solar">0.0</A>
      <Process class="CrudeOilDewatering">
        <A name="heater_treater">0</A>
      </Process>
      <A name="stabilizer_column">1</A>
      <A name="upgrader_type">None</A>
      <A name="gas_processing_path">Acid Wet Gas</A>
      <A name="FOR">387.5818689</A>
      <A name="frac_venting">0.002</A>
      <Process class="HeavyOilDilution">
        <A name="fraction_diluent">0.0</A>
      </Process>
      <A name="frac_transport_tanker">1.0</A>
      <A name="frac_transport_barge">0.0</A>
      <A name="frac_transport_pipeline">1.0</A>
      <A name="frac_transport_rail">0.0</A>
      <A name="frac_transport_truck">0.0</A>
      <A name="transport_dist_tanker">8000.0</A>
      <A name="transport_dist_barge">500.0</A>
      <A name="transport_dist_pipeline">1000.0</A>
      <A name="transport_dist_rail">800.0</A>
      <A name="transport_dist_truck">100.0</A>
      <A name="oil_sands_mine">None</A>
      <A name="oil_processing_path">Stabilization</A>
      <A name="frac_CO2_breakthrough">59</A>
      <A name="ecosystem_richness">Med carbon</A>
      <A name="field_development_intensity">Med</A>
    </Field>
    <Field name="Field 3" modifies="template">
      <A name="downhole_pump">1</A>
      <A name="water_reinjection">1</A>
      <A name="natural_gas_reinjection">0</A>
      <A name="water_flooding">0</A>
      <A name="gas_lifting">0</A>
      <A name="gas_flooding">0</A>
      <A name="steam_flooding">0</A>
      <A name="country">Egypt</A>
      <A name="name">AES-E4</A>
      <A name="age">3.0</A>
      <A name="depth">7122.0</A>
      <A name="oil_prod">200.0</A>
      <A name="num_prod_wells">3</A>
      <A name="num_water_inj_wells">2</A>
      <A name="well_diam">2.775</A>
      <A name="prod_index">6.8</A>
      <A name="res_press">1531.23</A>
      <A name="res_temp">198.196</A>
      <A name="offshore">0.0</A>
      <A name="API">32.8</A>
      <A name="gas_comp_N2">2.86</A>
      <A name="gas_comp_CO2">0.33</A>
      <A name="gas_comp_C1">89.18</A>
      <A name="gas_comp_C2">5.3</A>
      <A name="gas_comp_C3">1.62</A>
      <A name="gas_comp_C4">0.71</A>
      <A name="gas_comp_H2S">0.0</A>
      <A name="GOR">2429.3</A>
      <A name="WOR">0.300189138</A>
      <A name="WIR">0.0</A>
      <A name="GLIR">363.8</A>
      <A name="GFIR">3643.95</A>
      <A name="flood_gas_type">NG</A>
      <A name="SOR">0.0</A>
      <A name="fraction_elec_onsite">0.0</A>
      <A name="fraction_remaining_gas_inj">0.0</A>
      <A name="fraction_water_reinjected">1.0</A>
      <A name="fraction_steam_cogen">0.0</A>
      <A name="fraction_steam_solar">0.0</A>
      <Process class="CrudeOilDewatering">
        <A name="heater_treater">0</A>
      </Process>
      <A name="stabilizer_column">1</A>
      <A name="upgrader_type">None</A>
      <A name="gas_processing_path">Acid Wet Gas</A>
      <A name="FOR">387.5818689</A>
      <A name="frac_venting">0.002</A>
      <Process class="HeavyOilDilution">
        <A name="fraction_diluent">0.0</A>
      </Process>
      <A name="frac_transport_tanker">1.0</A>
      <A name="frac_transport_barge">0.0</A>
      <A name="frac_transport_pipeline">1.0</A>
      <A name="frac_transport_rail">0.0</A>
      <A name="frac_transport_truck">0.0</A>
      <A name="transport_dist_tanker">8000.0</A>
      <A name="transport_dist_barge">500.0</A>
      <A name="transport_dist_pipeline">1000.0</A>
      <A name="transport_dist_rail">800.0</A>
      <A name="transport_dist_truck">100.0</A>
      <A name="oil_sands_mine">None</A>
      <A name="oil_processing_path">Stabilization</A>
      <A name="frac_CO2_breakthrough">59</A>
      <A name="ecosystem_richness">Med carbon</A>
      <A name="field_development_intensity">Med</A>
    </Field>
  </Analysis>
</Model>
