<?xml version='1.0' encoding='UTF-8'?>
<Model>
  <Analysis name="test-fields">
    <Field name="Field 165" modifies="template">
      <A name="downhole_pump">1</A>
      <A name="water_reinjection">0</A>
      <A name="natural_gas_reinjection">1</A>
      <A name="water_flooding">0</A>
      <A name="gas_lifting">0</A>
      <A name="gas_flooding">0</A>
      <A name="steam_flooding">0</A>
      <A name="oil_sands_mine">None</A>
      <A name="country">United States</A>
      <A name="name">Eagle Ford</A>
      <A name="age">5.0</A>
      <A name="depth">9978.0</A>
      <A name="oil_prod">2000000.0</A>
      <A name="num_prod_wells">8301</A>
      <A name="num_water_inj_wells">0</A>
      <A name="well_diam">2.78</A>
      <A name="prod_index">6.8</A>
      <A name="res_press">3300.0</A>
      <A name="res_temp">249.6</A>
      <A name="offshore">0.0</A>
      <A name="API">47.32</A>
      <A name="gas_comp_N2">0.3</A>
      <A name="gas_comp_CO2">1.99</A>
      <A name="gas_comp_C1">66.62</A>
      <A name="gas_comp_C2">16.23</A>
      <A name="gas_comp_C3">8.52</A>
      <A name="gas_comp_C4">6.34</A>
      <A name="gas_comp_H2S">0.0</A>
      <A name="GOR">4704.3</A>
      <A name="WOR">0.9</A>
      <A name="WIR">0.0</A>
      <A name="GLIR">0.0</A>
      <A name="GFIR">0.0</A>
      <A name="SOR">0.0</A>
      <A name="fraction_elec_onsite">0.0</A>
      <A name="fraction_remaining_gas_inj">0.0</A>
      <A name="fraction_water_reinjected">1.0</A>
      <A name="fraction_steam_cogen">0.0</A>
      <A name="fraction_steam_solar">0.0</A>
      <Process class="CrudeOilDewatering">
        <A name="heater_treater">1</A>
      </Process>
      <A name="stabilizer_column">1</A>
      <A name="FOR">140.0</A>
      <A name="VOR">1.0</A>
      <A name="frac_transport_tanker">0.0</A>
      <A name="frac_transport_barge">0.2</A>
      <A name="frac_transport_pipeline">0.65</A>
      <A name="frac_transport_rail">0.35</A>
      <A name="transport_dist_pipeline">1261.4</A>
    </Field>
    <Field name="Field 166" modifies="template">
      <A name="downhole_pump">1</A>
      <A name="water_reinjection">1</A>
      <A name="natural_gas_reinjection">1</A>
      <A name="water_flooding">0</A>
      <A name="gas_lifting">0</A>
      <A name="gas_flooding">0</A>
      <A name="steam_flooding">0</A>
      <A name="oil_sands_mine">None</A>
      <A name="country">USA</A>
      <A name="name">Haynesville</A>
      <A name="age">12.0</A>
      <A name="depth">12500.0</A>
      <A name="oil_prod">42897.0</A>
      <A name="num_prod_wells">1702</A>
      <A name="num_water_inj_wells">1402</A>
      <A name="well_diam">2.78</A>
      <A name="prod_index">6.8</A>
      <A name="res_press">7800.0</A>
      <A name="res_temp">325.0</A>
      <A name="offshore">0.0</A>
      <A name="API">47.0</A>
      <A name="gas_comp_N2">0.1</A>
      <A name="gas_comp_CO2">4.8</A>
      <A name="gas_comp_C1">95.0</A>
      <A name="gas_comp_C2">0.1</A>
      <A name="gas_comp_C3">0.0</A>
      <A name="gas_comp_C4">0.0</A>
      <A name="gas_comp_H2S">0.0</A>
      <A name="GOR">154017.0</A>
      <A name="WOR">83.79</A>
      <A name="WIR">84.79</A>
      <A name="GLIR">363.8</A>
      <A name="GFIR">231025.5</A>
      <A name="SOR">0.0</A>
      <A name="fraction_elec_onsite">0.0</A>
      <A name="fraction_remaining_gas_inj">0.5</A>
      <A name="fraction_water_reinjected">1.0</A>
      <A name="fraction_steam_cogen">0.0</A>
      <A name="fraction_steam_solar">0.0</A>
      <Process class="CrudeOilDewatering">
        <A name="heater_treater">0</A>
      </Process>
      <A name="stabilizer_column">1</A>
      <A name="FOR">12.82</A>
      <A name="transport_dist_pipeline">1261.4</A>
    </Field>
  </Analysis>
</Model>
